<?xml version="1.0" encoding="UTF-8"?>
<testng-results skipped="0" failed="0" total="1" passed="1">
  <reporter-output>
  </reporter-output>
  <suite name="Default suite" duration-ms="2878" started-at="2018-10-03T11:39:46Z" finished-at="2018-10-03T11:39:49Z">
    <groups>
    </groups>
    <test name="Default test" duration-ms="2878" started-at="2018-10-03T11:39:46Z" finished-at="2018-10-03T11:39:49Z">
      <class name="com.APIAutomation.PlanterSetting">
        <test-method status="PASS" signature="createRequest()[pri:0, instance:com.APIAutomation.PlanterSetting@fc185]" name="createRequest" is-config="true" duration-ms="379" started-at="2018-10-03T17:09:46Z" finished-at="2018-10-03T17:09:47Z">
          <reporter-output>
          </reporter-output>
        </test-method> <!-- createRequest -->
        <test-method status="PASS" signature="planterSettingWithPlanterMake()[pri:0, instance:com.APIAutomation.PlanterSetting@fc185]" name="planterSettingWithPlanterMake" duration-ms="2491" started-at="2018-10-03T17:09:47Z" finished-at="2018-10-03T17:09:49Z">
          <reporter-output>
          </reporter-output>
        </test-method> <!-- planterSettingWithPlanterMake -->
      </class> <!-- com.APIAutomation.PlanterSetting -->
    </test> <!-- Default test -->
  </suite> <!-- Default suite -->
</testng-results>
